Using pre-set license
Built from '2020.3/staging' branch; Version is '2020.3.22f1 (e1a7f79fd887) revision 14788599'; Using compiler version '192528614'; Build Type 'Release'
OS: 'Windows 10 Pro; OS build 19043.1348; Version 2009; 64bit' Language: 'en' Physical Memory: 16335 MB
BatchMode: 1, IsHumanControllingUs: 0, StartBugReporterOnCrash: 0, Is64bit: 1, IsPro: 0

COMMAND LINE ARGUMENTS:
C:\Program Files\Unity\Hub\Editor\2020.3.22f1\Editor\Unity.exe
-adb2
-batchMode
-noUpm
-name
AssetImportWorker0
-projectPath
C:/Unity Projects/fb-xr-hackathong
-logFile
Logs/AssetImportWorker0.log
-srvPort
55145
Successfully changed project path to: C:/Unity Projects/fb-xr-hackathong
C:/Unity Projects/fb-xr-hackathong
Using Asset Import Pipeline V2.
Refreshing native plugins compatible for Editor in 94.37 ms, found 6 plugins.
Preloading 1 native plugins for Editor in 1.19 ms.
Initialize engine version: 2020.3.22f1 (e1a7f79fd887)
[Subsystems] Discovering subsystems at path C:/Program Files/Unity/Hub/Editor/2020.3.22f1/Editor/Data/Resources/UnitySubsystems
[Subsystems] Discovering subsystems at path C:/Unity Projects/fb-xr-hackathong/Assets
GfxDevice: creating device client; threaded=0
Direct3D:
    Version:  Direct3D 11.0 [level 11.1]
    Renderer: NVIDIA GeForce GTX 1080 (ID=0x1b80)
    Vendor:   
    VRAM:     8079 MB
    Driver:   27.21.14.6677
Shader 'Oculus/OVRMRCameraFrameLit': fallback shader 'Alpha-Diffuse' not found
Initialize mono
Mono path[0] = 'C:/Program Files/Unity/Hub/Editor/2020.3.22f1/Editor/Data/Managed'
Mono path[1] = 'C:/Program Files/Unity/Hub/Editor/2020.3.22f1/Editor/Data/MonoBleedingEdge/lib/mono/unityjit'
Mono config path = 'C:/Program Files/Unity/Hub/Editor/2020.3.22f1/Editor/Data/MonoBleedingEdge/etc'
Using monoOptions --debugger-agent=transport=dt_socket,embedding=1,server=y,suspend=n,address=127.0.0.1:56216
Begin MonoManager ReloadAssembly
Registering precompiled unity dll's ...
Register platform support module: C:/Program Files/Unity/Hub/Editor/2020.3.22f1/Editor/Data/PlaybackEngines/WindowsStandaloneSupport/UnityEditor.WindowsStandalone.Extensions.dll
Registered in 0.002111 seconds.
Native extension for WindowsStandalone target not found
Refreshing native plugins compatible for Editor in 79.65 ms, found 6 plugins.
Preloading 1 native plugins for Editor in 0.08 ms.
Mono: successfully reloaded assembly
- Completed reload, in  2.690 seconds
Domain Reload Profiling:
	ReloadAssembly (2690ms)
		BeginReloadAssembly (69ms)
			ExecutionOrderSort (0ms)
			DisableScriptedObjects (0ms)
			BackupInstance (0ms)
			ReleaseScriptingObjects (0ms)
			CreateAndSetChildDomain (1ms)
		EndReloadAssembly (639ms)
			LoadAssemblies (66ms)
			RebuildTransferFunctionScriptingTraits (0ms)
			SetupTypeCache (186ms)
			ReleaseScriptCaches (0ms)
			RebuildScriptCaches (38ms)
			SetupLoadedEditorAssemblies (269ms)
				LogAssemblyErrors (0ms)
				InitializePlatformSupportModulesInManaged (5ms)
				SetLoadedEditorAssemblies (0ms)
				RefreshPlugins (80ms)
				BeforeProcessingInitializeOnLoad (21ms)
				ProcessInitializeOnLoadAttributes (119ms)
				ProcessInitializeOnLoadMethodAttributes (44ms)
				AfterProcessingInitializeOnLoad (0ms)
				EditorAssembliesLoaded (0ms)
			ExecutionOrderSort2 (0ms)
			AwakeInstancesAfterBackupRestoration (0ms)
Platform modules already initialized, skipping
Registering precompiled user dll's ...
Registered in 0.010417 seconds.
Begin MonoManager ReloadAssembly
Native extension for WindowsStandalone target not found
Refreshing native plugins compatible for Editor in 0.92 ms, found 6 plugins.
Preloading 1 native plugins for Editor in 0.07 ms.
[XR] OculusXRPlugin: registering subsystems
[XR] Unable to register display lifecyle provider: [1]
[XR] Oculus Input lifecycle provider registered.
[XR] Unable to register input lifecyle provider: [1]
[XR] OVRP version 1.66.0
Mono: successfully reloaded assembly
- Completed reload, in  1.357 seconds
Domain Reload Profiling:
	ReloadAssembly (1358ms)
		BeginReloadAssembly (181ms)
			ExecutionOrderSort (0ms)
			DisableScriptedObjects (6ms)
			BackupInstance (0ms)
			ReleaseScriptingObjects (0ms)
			CreateAndSetChildDomain (21ms)
		EndReloadAssembly (1092ms)
			LoadAssemblies (118ms)
			RebuildTransferFunctionScriptingTraits (0ms)
			SetupTypeCache (370ms)
			ReleaseScriptCaches (1ms)
			RebuildScriptCaches (67ms)
			SetupLoadedEditorAssemblies (407ms)
				LogAssemblyErrors (0ms)
				InitializePlatformSupportModulesInManaged (6ms)
				SetLoadedEditorAssemblies (0ms)
				RefreshPlugins (1ms)
				BeforeProcessingInitializeOnLoad (104ms)
				ProcessInitializeOnLoadAttributes (269ms)
				ProcessInitializeOnLoadMethodAttributes (18ms)
				AfterProcessingInitializeOnLoad (8ms)
				EditorAssembliesLoaded (0ms)
			ExecutionOrderSort2 (0ms)
			AwakeInstancesAfterBackupRestoration (9ms)
Platform modules already initialized, skipping
========================================================================
Worker process is ready to serve import requests
Shader 'Oculus/OVRMRCameraFrameLit': fallback shader 'Alpha-Diffuse' not found
Launched and connected shader compiler UnityShaderCompiler.exe after 0.06 seconds
Refreshing native plugins compatible for Editor in 0.98 ms, found 6 plugins.
Preloading 1 native plugins for Editor in 0.08 ms.
Unloading 2393 Unused Serialized files (Serialized files now loaded: 0)
System memory in use before: 110.4 MB.
System memory in use after: 110.6 MB.

Unloading 46 unused Assets to reduce memory usage. Loaded Objects now: 2812.
Total: 4.015500 ms (FindLiveObjects: 0.283100 ms CreateObjectMapping: 0.073900 ms MarkObjects: 3.554500 ms  DeleteObjects: 0.102500 ms)

AssetImportParameters requested are different than current active one (requested -> active):
  custom:framework-win-MediaFoundation: 216162199b28c13a410421893ffa2e32 -> 
  custom:video-decoder-ogg-theora: a1e56fd34408186e4bbccfd4996cb3dc -> 
  custom:container-muxer-webm: aa71ff27fc2769a1b78a27578f13a17b -> 
  custom:container-demuxer-webm: 4f35f7cbe854078d1ac9338744f61a02 -> 
  custom:container-demuxer-ogg: 62fdf1f143b41e24485cea50d1cbac27 -> 
  custom:video-encoder-webm-vp8: eb34c28f22e8b96e1ab97ce403110664 -> 
  custom:video-decoder-webm-vp8: 9c59270c3fd7afecdb556c50c9e8de78 -> 
  custom:audio-decoder-ogg-vorbis: bf7c407c2cedff20999df2af8eb42d56 -> 
  custom:audio-encoder-webm-vorbis: bf7c407c2cedff20999df2af8eb42d56 -> 
========================================================================
Received Import Request.
  path: Packages/com.unity.xr.management
  artifactKey: Guid(7261f87f4da69cdd49931374cabce6bd) Importer(815301076,1909f56bfc062723c751e8b465ee728b)
Start importing Packages/com.unity.xr.management using Guid(7261f87f4da69cdd49931374cabce6bd) Importer(815301076,1909f56bfc062723c751e8b465ee728b)  -> (artifact id: 'd322ce031f94c3e3cdaba904c824a3ec') in 0.012363 seconds 
  Import took 0.016311 seconds .

========================================================================
Received Import Request.
  Time since last request: 164.311474 seconds.
  path: Packages/co.parabox.csg
  artifactKey: Guid(ec2615de8798b5b797643e23aa81a79e) Importer(815301076,1909f56bfc062723c751e8b465ee728b)
Start importing Packages/co.parabox.csg using Guid(ec2615de8798b5b797643e23aa81a79e) Importer(815301076,1909f56bfc062723c751e8b465ee728b)  -> (artifact id: '00000000000000000000000000000000') in 0.018346 seconds  code(5) message(Build asset version error: packages/co.parabox.csg.meta does not exit in SourceAssetDB)
  ERROR: Build asset version error: packages/co.parabox.csg.meta does not exit in SourceAssetDB
  Import took 0.022446 seconds .

========================================================================
Received Import Request.
  Time since last request: 1.004887 seconds.
  path: Packages/co.parabox.csg/package.json
  artifactKey: Guid(f730172331ca44ca680262b4054ad977) Importer(815301076,1909f56bfc062723c751e8b465ee728b)
Start importing Packages/co.parabox.csg/package.json using Guid(f730172331ca44ca680262b4054ad977) Importer(815301076,1909f56bfc062723c751e8b465ee728b)  -> (artifact id: '00000000000000000000000000000000') in 0.023476 seconds  code(4) message(Build asset version error: packages/co.parabox.csg/package.json in SourceAssetDB has modification time of '2021-08-19T18:26:52Z' while content on disk has modification time of '0001-01-01T00:00:00Z')
  ERROR: Build asset version error: packages/co.parabox.csg/package.json in SourceAssetDB has modification time of '2021-08-19T18:26:52Z' while content on disk has modification time of '0001-01-01T00:00:00Z'
  Import took 0.027298 seconds .

========================================================================
Received Import Request.
  Time since last request: 1.880466 seconds.
  path: Packages/co.parabox.csg/Samples
  artifactKey: Guid(eea8a65ec866d4b1081de13c3291c170) Importer(815301076,1909f56bfc062723c751e8b465ee728b)
Start importing Packages/co.parabox.csg/Samples using Guid(eea8a65ec866d4b1081de13c3291c170) Importer(815301076,1909f56bfc062723c751e8b465ee728b)  -> (artifact id: '00000000000000000000000000000000') in 0.000347 seconds  code(4) message(Build asset version error: packages/co.parabox.csg/samples.meta in SourceAssetDB has modification time of '2021-08-19T18:26:52Z' while content on disk has modification time of '0001-01-01T00:00:00Z')
  ERROR: Build asset version error: packages/co.parabox.csg/samples.meta in SourceAssetDB has modification time of '2021-08-19T18:26:52Z' while content on disk has modification time of '0001-01-01T00:00:00Z'
  Import took 0.003874 seconds .

========================================================================
Received Import Request.
  Time since last request: 0.644261 seconds.
  path: Packages/co.parabox.csg/README.md
  artifactKey: Guid(ca986e024ff5140f181ae06d8eac5ab3) Importer(815301076,1909f56bfc062723c751e8b465ee728b)
Start importing Packages/co.parabox.csg/README.md using Guid(ca986e024ff5140f181ae06d8eac5ab3) Importer(815301076,1909f56bfc062723c751e8b465ee728b)  -> (artifact id: '00000000000000000000000000000000') in 0.002404 seconds  code(4) message(Build asset version error: packages/co.parabox.csg/readme.md in SourceAssetDB has modification time of '2021-08-19T18:26:52Z' while content on disk has modification time of '0001-01-01T00:00:00Z')
  ERROR: Build asset version error: packages/co.parabox.csg/readme.md in SourceAssetDB has modification time of '2021-08-19T18:26:52Z' while content on disk has modification time of '0001-01-01T00:00:00Z'
  Import took 0.006233 seconds .

========================================================================
Received Import Request.
  Time since last request: 15.212904 seconds.
  path: Packages/co.parabox.csg/README.md
  artifactKey: Guid(ca986e024ff5140f181ae06d8eac5ab3) Importer(815301076,1909f56bfc062723c751e8b465ee728b)
Start importing Packages/co.parabox.csg/README.md using Guid(ca986e024ff5140f181ae06d8eac5ab3) Importer(815301076,1909f56bfc062723c751e8b465ee728b)  -> (artifact id: '00000000000000000000000000000000') in 0.001160 seconds  code(4) message(Build asset version error: packages/co.parabox.csg/readme.md in SourceAssetDB has modification time of '2021-08-19T18:26:52Z' while content on disk has modification time of '0001-01-01T00:00:00Z')
  ERROR: Build asset version error: packages/co.parabox.csg/readme.md in SourceAssetDB has modification time of '2021-08-19T18:26:52Z' while content on disk has modification time of '0001-01-01T00:00:00Z'
  Import took 0.005574 seconds .

========================================================================
Received Import Request.
  Time since last request: 48.877601 seconds.
  path: Packages/co.parabox.csg/README.md
  artifactKey: Guid(ca986e024ff5140f181ae06d8eac5ab3) Importer(815301076,1909f56bfc062723c751e8b465ee728b)
Start importing Packages/co.parabox.csg/README.md using Guid(ca986e024ff5140f181ae06d8eac5ab3) Importer(815301076,1909f56bfc062723c751e8b465ee728b)  -> (artifact id: '00000000000000000000000000000000') in 0.000993 seconds  code(4) message(Build asset version error: packages/co.parabox.csg/readme.md in SourceAssetDB has modification time of '2021-08-19T18:26:52Z' while content on disk has modification time of '0001-01-01T00:00:00Z')
  ERROR: Build asset version error: packages/co.parabox.csg/readme.md in SourceAssetDB has modification time of '2021-08-19T18:26:52Z' while content on disk has modification time of '0001-01-01T00:00:00Z'
  Import took 0.004775 seconds .

========================================================================
Received Import Request.
  Time since last request: 1.390703 seconds.
  path: Packages/co.parabox.csg/README.md
  artifactKey: Guid(ca986e024ff5140f181ae06d8eac5ab3) Importer(815301076,1909f56bfc062723c751e8b465ee728b)
Start importing Packages/co.parabox.csg/README.md using Guid(ca986e024ff5140f181ae06d8eac5ab3) Importer(815301076,1909f56bfc062723c751e8b465ee728b)  -> (artifact id: '00000000000000000000000000000000') in 0.001072 seconds  code(4) message(Build asset version error: packages/co.parabox.csg/readme.md in SourceAssetDB has modification time of '2021-08-19T18:26:52Z' while content on disk has modification time of '0001-01-01T00:00:00Z')
  ERROR: Build asset version error: packages/co.parabox.csg/readme.md in SourceAssetDB has modification time of '2021-08-19T18:26:52Z' while content on disk has modification time of '0001-01-01T00:00:00Z'
  Import took 0.005079 seconds .

========================================================================
Received Import Request.
  Time since last request: 20.551951 seconds.
  path: Packages/co.parabox.csg
  artifactKey: Guid(ec2615de8798b5b797643e23aa81a79e) Importer(815301076,1909f56bfc062723c751e8b465ee728b)
Start importing Packages/co.parabox.csg using Guid(ec2615de8798b5b797643e23aa81a79e) Importer(815301076,1909f56bfc062723c751e8b465ee728b)  -> (artifact id: '00000000000000000000000000000000') in 0.000315 seconds  code(5) message(Build asset version error: packages/co.parabox.csg.meta does not exit in SourceAssetDB)
  ERROR: Build asset version error: packages/co.parabox.csg.meta does not exit in SourceAssetDB
  Import took 0.003990 seconds .

========================================================================
Received Import Request.
  Time since last request: 0.145196 seconds.
  path: Packages/co.parabox.csg/package.json
  artifactKey: Guid(f730172331ca44ca680262b4054ad977) Importer(815301076,1909f56bfc062723c751e8b465ee728b)
Start importing Packages/co.parabox.csg/package.json using Guid(f730172331ca44ca680262b4054ad977) Importer(815301076,1909f56bfc062723c751e8b465ee728b)  -> (artifact id: '00000000000000000000000000000000') in 0.000907 seconds  code(4) message(Build asset version error: packages/co.parabox.csg/package.json in SourceAssetDB has modification time of '2021-08-19T18:26:52Z' while content on disk has modification time of '0001-01-01T00:00:00Z')
  ERROR: Build asset version error: packages/co.parabox.csg/package.json in SourceAssetDB has modification time of '2021-08-19T18:26:52Z' while content on disk has modification time of '0001-01-01T00:00:00Z'
  Import took 0.004681 seconds .

========================================================================
Received Import Request.
  Time since last request: 1.196640 seconds.
  path: Packages/co.parabox.csg/CHANGELOG.md
  artifactKey: Guid(0bdd038ed83817d45a06844cec1a45fb) Importer(815301076,1909f56bfc062723c751e8b465ee728b)
Start importing Packages/co.parabox.csg/CHANGELOG.md using Guid(0bdd038ed83817d45a06844cec1a45fb) Importer(815301076,1909f56bfc062723c751e8b465ee728b)  -> (artifact id: '00000000000000000000000000000000') in 0.000894 seconds  code(4) message(Build asset version error: packages/co.parabox.csg/changelog.md in SourceAssetDB has modification time of '2021-08-19T18:26:52Z' while content on disk has modification time of '0001-01-01T00:00:00Z')
  ERROR: Build asset version error: packages/co.parabox.csg/changelog.md in SourceAssetDB has modification time of '2021-08-19T18:26:52Z' while content on disk has modification time of '0001-01-01T00:00:00Z'
  Import took 0.004614 seconds .

========================================================================
Received Import Request.
  Time since last request: 1.427129 seconds.
  path: Packages/co.parabox.csg/LICENSE
  artifactKey: Guid(0b06d98e41f634879ab424faf7644a02) Importer(815301076,1909f56bfc062723c751e8b465ee728b)
Start importing Packages/co.parabox.csg/LICENSE using Guid(0b06d98e41f634879ab424faf7644a02) Importer(815301076,1909f56bfc062723c751e8b465ee728b)  -> (artifact id: '00000000000000000000000000000000') in 0.000733 seconds  code(4) message(Build asset version error: packages/co.parabox.csg/license in SourceAssetDB has modification time of '2021-08-19T18:26:52Z' while content on disk has modification time of '0001-01-01T00:00:00Z')
  ERROR: Build asset version error: packages/co.parabox.csg/license in SourceAssetDB has modification time of '2021-08-19T18:26:52Z' while content on disk has modification time of '0001-01-01T00:00:00Z'
  Import took 0.004337 seconds .

========================================================================
Received Import Request.
  Time since last request: 30.133733 seconds.
  path: Packages/co.parabox.csg/Samples
  artifactKey: Guid(eea8a65ec866d4b1081de13c3291c170) Importer(815301076,1909f56bfc062723c751e8b465ee728b)
Start importing Packages/co.parabox.csg/Samples using Guid(eea8a65ec866d4b1081de13c3291c170) Importer(815301076,1909f56bfc062723c751e8b465ee728b)  -> (artifact id: '00000000000000000000000000000000') in 0.000312 seconds  code(4) message(Build asset version error: packages/co.parabox.csg/samples.meta in SourceAssetDB has modification time of '2021-08-19T18:26:52Z' while content on disk has modification time of '0001-01-01T00:00:00Z')
  ERROR: Build asset version error: packages/co.parabox.csg/samples.meta in SourceAssetDB has modification time of '2021-08-19T18:26:52Z' while content on disk has modification time of '0001-01-01T00:00:00Z'
  Import took 0.003770 seconds .

========================================================================
Received Import Request.
  Time since last request: 1.447671 seconds.
  path: Packages/co.parabox.csg/Samples/Demo Scene.unity
  artifactKey: Guid(af2face7836395041aae66ace0b0c4bb) Importer(815301076,1909f56bfc062723c751e8b465ee728b)
Start importing Packages/co.parabox.csg/Samples/Demo Scene.unity using Guid(af2face7836395041aae66ace0b0c4bb) Importer(815301076,1909f56bfc062723c751e8b465ee728b)  -> (artifact id: '00000000000000000000000000000000') in 0.002377 seconds  code(4) message(Build asset version error: packages/co.parabox.csg/samples/demo scene.unity in SourceAssetDB has modification time of '2021-08-19T18:26:52Z' while content on disk has modification time of '0001-01-01T00:00:00Z')
  ERROR: Build asset version error: packages/co.parabox.csg/samples/demo scene.unity in SourceAssetDB has modification time of '2021-08-19T18:26:52Z' while content on disk has modification time of '0001-01-01T00:00:00Z'
  Import took 0.006091 seconds .

========================================================================
Received Import Request.
  Time since last request: 23.749586 seconds.
  path: Packages/co.parabox.csg/Samples/Demo Scene.unity
  artifactKey: Guid(af2face7836395041aae66ace0b0c4bb) Importer(815301076,1909f56bfc062723c751e8b465ee728b)
Start importing Packages/co.parabox.csg/Samples/Demo Scene.unity using Guid(af2face7836395041aae66ace0b0c4bb) Importer(815301076,1909f56bfc062723c751e8b465ee728b)  -> (artifact id: '00000000000000000000000000000000') in 0.000760 seconds  code(4) message(Build asset version error: packages/co.parabox.csg/samples/demo scene.unity in SourceAssetDB has modification time of '2021-08-19T18:26:52Z' while content on disk has modification time of '0001-01-01T00:00:00Z')
  ERROR: Build asset version error: packages/co.parabox.csg/samples/demo scene.unity in SourceAssetDB has modification time of '2021-08-19T18:26:52Z' while content on disk has modification time of '0001-01-01T00:00:00Z'
  Import took 0.004593 seconds .

========================================================================
Received Prepare
Registering precompiled user dll's ...
Registered in 0.009906 seconds.
Begin MonoManager ReloadAssembly
Native extension for WindowsStandalone target not found
Refreshing native plugins compatible for Editor in 1.17 ms, found 6 plugins.
Preloading 1 native plugins for Editor in 0.11 ms.
Mono: successfully reloaded assembly
- Completed reload, in  1.346 seconds
Domain Reload Profiling:
	ReloadAssembly (1347ms)
		BeginReloadAssembly (150ms)
			ExecutionOrderSort (0ms)
			DisableScriptedObjects (6ms)
			BackupInstance (0ms)
			ReleaseScriptingObjects (0ms)
			CreateAndSetChildDomain (40ms)
		EndReloadAssembly (1108ms)
			LoadAssemblies (123ms)
			RebuildTransferFunctionScriptingTraits (0ms)
			SetupTypeCache (379ms)
			ReleaseScriptCaches (1ms)
			RebuildScriptCaches (51ms)
			SetupLoadedEditorAssemblies (402ms)
				LogAssemblyErrors (0ms)
				InitializePlatformSupportModulesInManaged (7ms)
				SetLoadedEditorAssemblies (1ms)
				RefreshPlugins (1ms)
				BeforeProcessingInitializeOnLoad (112ms)
				ProcessInitializeOnLoadAttributes (256ms)
				ProcessInitializeOnLoadMethodAttributes (15ms)
				AfterProcessingInitializeOnLoad (10ms)
				EditorAssembliesLoaded (0ms)
			ExecutionOrderSort2 (0ms)
			AwakeInstancesAfterBackupRestoration (9ms)
Platform modules already initialized, skipping
Switching build target platform(19) subTarget(0) extendedPlatform(0) -> platform(13) subTarget(524288) extendedPlatform(0)
Shader 'Oculus/OVRMRCameraFrameLit': fallback shader 'Alpha-Diffuse' not found
Refreshing native plugins compatible for Editor in 1.08 ms, found 6 plugins.
Preloading 1 native plugins for Editor in 0.10 ms.
Unloading 2318 Unused Serialized files (Serialized files now loaded: 0)
System memory in use before: 103.5 MB.
System memory in use after: 103.3 MB.

Unloading 42 unused Assets to reduce memory usage. Loaded Objects now: 2825.
Total: 4.298500 ms (FindLiveObjects: 0.295000 ms CreateObjectMapping: 0.073700 ms MarkObjects: 3.551700 ms  DeleteObjects: 0.376400 ms)

AssetImportParameters requested are different than current active one (requested -> active):
  custom:framework-win-MediaFoundation: 216162199b28c13a410421893ffa2e32 -> 
  custom:video-decoder-ogg-theora: a1e56fd34408186e4bbccfd4996cb3dc -> 
  custom:container-muxer-webm: aa71ff27fc2769a1b78a27578f13a17b -> 
  custom:container-demuxer-webm: 4f35f7cbe854078d1ac9338744f61a02 -> 
  custom:container-demuxer-ogg: 62fdf1f143b41e24485cea50d1cbac27 -> 
  custom:video-encoder-webm-vp8: eb34c28f22e8b96e1ab97ce403110664 -> 
  custom:video-decoder-webm-vp8: 9c59270c3fd7afecdb556c50c9e8de78 -> 
  custom:graphics/normal-map-encoding: 01000000000000000000000000000000 -> 02000000000000000000000000000000
  custom:audio-decoder-ogg-vorbis: bf7c407c2cedff20999df2af8eb42d56 -> 
  custom:audio-encoder-webm-vorbis: bf7c407c2cedff20999df2af8eb42d56 -> 
========================================================================
Received Import Request.
  Time since last request: 6.872489 seconds.
  path: Packages/co.parabox.csg/Samples/Demo Scene.unity
  artifactKey: Guid(af2face7836395041aae66ace0b0c4bb) Importer(815301076,1909f56bfc062723c751e8b465ee728b)
Start importing Packages/co.parabox.csg/Samples/Demo Scene.unity using Guid(af2face7836395041aae66ace0b0c4bb) Importer(815301076,1909f56bfc062723c751e8b465ee728b)  -> (artifact id: '32377925ae9ef7a5f3956a0c4ef9f694') in 0.025461 seconds 
  Import took 0.029576 seconds .

========================================================================
Received Import Request.
  Time since last request: 79.673416 seconds.
  path: Packages/co.parabox.csg/Samples/Demo Assets
  artifactKey: Guid(139a9fca8e9f4b6429296d3fc1e0a749) Importer(815301076,1909f56bfc062723c751e8b465ee728b)
Start importing Packages/co.parabox.csg/Samples/Demo Assets using Guid(139a9fca8e9f4b6429296d3fc1e0a749) Importer(815301076,1909f56bfc062723c751e8b465ee728b)  -> (artifact id: '9aecffc5a3587fd01f14ce9d4fa57e13') in 0.015255 seconds 
  Import took 0.019395 seconds .

========================================================================
Received Import Request.
  Time since last request: 1.472859 seconds.
  path: Packages/co.parabox.csg/Samples/Demo Assets/Scripts
  artifactKey: Guid(37695177bfe52c74d9442e790dafc7f2) Importer(815301076,1909f56bfc062723c751e8b465ee728b)
Start importing Packages/co.parabox.csg/Samples/Demo Assets/Scripts using Guid(37695177bfe52c74d9442e790dafc7f2) Importer(815301076,1909f56bfc062723c751e8b465ee728b)  -> (artifact id: '596f84233558ea1b2297c37b4f014d4c') in 0.015475 seconds 
  Import took 0.019536 seconds .

========================================================================
Received Import Request.
  Time since last request: 0.087387 seconds.
  path: Packages/co.parabox.csg/Samples/Demo Assets/Scripts/Parabox.CSG.Demo.asmdef
  artifactKey: Guid(b4bf6b254ae1d454e861a0762f0d7097) Importer(815301076,1909f56bfc062723c751e8b465ee728b)
Start importing Packages/co.parabox.csg/Samples/Demo Assets/Scripts/Parabox.CSG.Demo.asmdef using Guid(b4bf6b254ae1d454e861a0762f0d7097) Importer(815301076,1909f56bfc062723c751e8b465ee728b)  -> (artifact id: '2c319538ec638ea5446d45c5b5356eca') in 0.011244 seconds 
  Import took 0.015373 seconds .

========================================================================
Received Import Request.
  Time since last request: 0.741575 seconds.
  path: Packages/co.parabox.csg/Samples/Demo Assets/Scripts/CameraControls.cs
  artifactKey: Guid(11ce85d160a6b3047bca4f61c331061f) Importer(815301076,1909f56bfc062723c751e8b465ee728b)
Start importing Packages/co.parabox.csg/Samples/Demo Assets/Scripts/CameraControls.cs using Guid(11ce85d160a6b3047bca4f61c331061f) Importer(815301076,1909f56bfc062723c751e8b465ee728b)  -> (artifact id: 'aac14cd12a77851f8b554b86b246c8b5') in 0.013724 seconds 
  Import took 0.017852 seconds .

========================================================================
Received Prepare
Registering precompiled user dll's ...
Registered in 0.011521 seconds.
Begin MonoManager ReloadAssembly
Native extension for WindowsStandalone target not found
Refreshing native plugins compatible for Editor in 1.05 ms, found 6 plugins.
Preloading 1 native plugins for Editor in 0.10 ms.
Mono: successfully reloaded assembly
- Completed reload, in  1.350 seconds
Domain Reload Profiling:
	ReloadAssembly (1351ms)
		BeginReloadAssembly (146ms)
			ExecutionOrderSort (0ms)
			DisableScriptedObjects (6ms)
			BackupInstance (0ms)
			ReleaseScriptingObjects (0ms)
			CreateAndSetChildDomain (39ms)
		EndReloadAssembly (1119ms)
			LoadAssemblies (121ms)
			RebuildTransferFunctionScriptingTraits (0ms)
			SetupTypeCache (389ms)
			ReleaseScriptCaches (1ms)
			RebuildScriptCaches (49ms)
			SetupLoadedEditorAssemblies (400ms)
				LogAssemblyErrors (0ms)
				InitializePlatformSupportModulesInManaged (6ms)
				SetLoadedEditorAssemblies (1ms)
				RefreshPlugins (1ms)
				BeforeProcessingInitializeOnLoad (108ms)
				ProcessInitializeOnLoadAttributes (259ms)
				ProcessInitializeOnLoadMethodAttributes (15ms)
				AfterProcessingInitializeOnLoad (10ms)
				EditorAssembliesLoaded (0ms)
			ExecutionOrderSort2 (0ms)
			AwakeInstancesAfterBackupRestoration (9ms)
Platform modules already initialized, skipping
Switching build target platform(19) subTarget(0) extendedPlatform(0) -> platform(13) subTarget(524288) extendedPlatform(0)
Shader 'Oculus/OVRMRCameraFrameLit': fallback shader 'Alpha-Diffuse' not found
Refreshing native plugins compatible for Editor in 1.05 ms, found 6 plugins.
Preloading 1 native plugins for Editor in 0.09 ms.
Unloading 2318 Unused Serialized files (Serialized files now loaded: 0)
System memory in use before: 103.6 MB.
System memory in use after: 103.4 MB.

Unloading 42 unused Assets to reduce memory usage. Loaded Objects now: 2828.
Total: 4.196100 ms (FindLiveObjects: 0.281800 ms CreateObjectMapping: 0.074800 ms MarkObjects: 3.419200 ms  DeleteObjects: 0.418700 ms)

AssetImportParameters requested are different than current active one (requested -> active):
  custom:framework-win-MediaFoundation: 216162199b28c13a410421893ffa2e32 -> 
  custom:video-decoder-ogg-theora: a1e56fd34408186e4bbccfd4996cb3dc -> 
  custom:container-muxer-webm: aa71ff27fc2769a1b78a27578f13a17b -> 
  custom:container-demuxer-webm: 4f35f7cbe854078d1ac9338744f61a02 -> 
  custom:container-demuxer-ogg: 62fdf1f143b41e24485cea50d1cbac27 -> 
  custom:video-encoder-webm-vp8: eb34c28f22e8b96e1ab97ce403110664 -> 
  custom:video-decoder-webm-vp8: 9c59270c3fd7afecdb556c50c9e8de78 -> 
  custom:graphics/normal-map-encoding: 01000000000000000000000000000000 -> 02000000000000000000000000000000
  custom:audio-decoder-ogg-vorbis: bf7c407c2cedff20999df2af8eb42d56 -> 
  custom:audio-encoder-webm-vorbis: bf7c407c2cedff20999df2af8eb42d56 -> 
========================================================================
Received Import Request.
  Time since last request: 68.082000 seconds.
  path: Packages/co.parabox.csg/Samples/Demo Assets/Scripts/Demo.cs
  artifactKey: Guid(7d107089815ad904ea32446163f3c8e8) Importer(815301076,1909f56bfc062723c751e8b465ee728b)
Start importing Packages/co.parabox.csg/Samples/Demo Assets/Scripts/Demo.cs using Guid(7d107089815ad904ea32446163f3c8e8) Importer(815301076,1909f56bfc062723c751e8b465ee728b)  -> (artifact id: '15141bfb1bd0bc5e436e3dfec503a078') in 0.013424 seconds 
  Import took 0.017746 seconds .

========================================================================
Received Import Request.
  Time since last request: 16.404634 seconds.
  path: Packages/co.parabox.csg/package.json
  artifactKey: Guid(f730172331ca44ca680262b4054ad977) Importer(815301076,1909f56bfc062723c751e8b465ee728b)
Start importing Packages/co.parabox.csg/package.json using Guid(f730172331ca44ca680262b4054ad977) Importer(815301076,1909f56bfc062723c751e8b465ee728b)  -> (artifact id: 'e540c39e1bd0b1d587569c6d98761678') in 0.020486 seconds 
  Import took 0.024541 seconds .

========================================================================
Received Import Request.
  Time since last request: 1.406229 seconds.
  path: Packages/co.parabox.csg/Samples
  artifactKey: Guid(eea8a65ec866d4b1081de13c3291c170) Importer(815301076,1909f56bfc062723c751e8b465ee728b)
Start importing Packages/co.parabox.csg/Samples using Guid(eea8a65ec866d4b1081de13c3291c170) Importer(815301076,1909f56bfc062723c751e8b465ee728b)  -> (artifact id: 'de377ffcb6f7fd421e1b9060f16dcc3d') in 0.009767 seconds 
  Import took 0.013822 seconds .

========================================================================
Received Import Request.
  Time since last request: 0.434660 seconds.
  path: Packages/co.parabox.csg/CSG
  artifactKey: Guid(a5e1dab54d4abd14e9b28d0dac32baa9) Importer(815301076,1909f56bfc062723c751e8b465ee728b)
Start importing Packages/co.parabox.csg/CSG using Guid(a5e1dab54d4abd14e9b28d0dac32baa9) Importer(815301076,1909f56bfc062723c751e8b465ee728b)  -> (artifact id: '723ccaf3b09f1e60c28e8b0cfce217eb') in 0.009125 seconds 
  Import took 0.013143 seconds .

========================================================================
Received Prepare
Registering precompiled user dll's ...
Registered in 0.010489 seconds.
Begin MonoManager ReloadAssembly
Native extension for WindowsStandalone target not found
Refreshing native plugins compatible for Editor in 1.13 ms, found 6 plugins.
Preloading 1 native plugins for Editor in 0.13 ms.
Mono: successfully reloaded assembly
- Completed reload, in  1.499 seconds
Domain Reload Profiling:
	ReloadAssembly (1500ms)
		BeginReloadAssembly (155ms)
			ExecutionOrderSort (0ms)
			DisableScriptedObjects (6ms)
			BackupInstance (0ms)
			ReleaseScriptingObjects (0ms)
			CreateAndSetChildDomain (41ms)
		EndReloadAssembly (1252ms)
			LoadAssemblies (133ms)
			RebuildTransferFunctionScriptingTraits (0ms)
			SetupTypeCache (386ms)
			ReleaseScriptCaches (1ms)
			RebuildScriptCaches (56ms)
			SetupLoadedEditorAssemblies (504ms)
				LogAssemblyErrors (0ms)
				InitializePlatformSupportModulesInManaged (6ms)
				SetLoadedEditorAssemblies (1ms)
				RefreshPlugins (1ms)
				BeforeProcessingInitializeOnLoad (124ms)
				ProcessInitializeOnLoadAttributes (343ms)
				ProcessInitializeOnLoadMethodAttributes (17ms)
				AfterProcessingInitializeOnLoad (12ms)
				EditorAssembliesLoaded (0ms)
			ExecutionOrderSort2 (0ms)
			AwakeInstancesAfterBackupRestoration (9ms)
Platform modules already initialized, skipping
Switching build target platform(19) subTarget(0) extendedPlatform(0) -> platform(13) subTarget(524288) extendedPlatform(0)
Shader 'Oculus/OVRMRCameraFrameLit': fallback shader 'Alpha-Diffuse' not found
Refreshing native plugins compatible for Editor in 1.08 ms, found 6 plugins.
Preloading 1 native plugins for Editor in 0.10 ms.
Unloading 2318 Unused Serialized files (Serialized files now loaded: 0)
System memory in use before: 103.6 MB.
System memory in use after: 103.4 MB.

Unloading 42 unused Assets to reduce memory usage. Loaded Objects now: 2831.
Total: 4.290700 ms (FindLiveObjects: 0.286900 ms CreateObjectMapping: 0.074200 ms MarkObjects: 3.514100 ms  DeleteObjects: 0.413800 ms)

AssetImportParameters requested are different than current active one (requested -> active):
  custom:framework-win-MediaFoundation: 216162199b28c13a410421893ffa2e32 -> 
  custom:video-decoder-ogg-theora: a1e56fd34408186e4bbccfd4996cb3dc -> 
  custom:container-muxer-webm: aa71ff27fc2769a1b78a27578f13a17b -> 
  custom:container-demuxer-webm: 4f35f7cbe854078d1ac9338744f61a02 -> 
  custom:container-demuxer-ogg: 62fdf1f143b41e24485cea50d1cbac27 -> 
  custom:video-encoder-webm-vp8: eb34c28f22e8b96e1ab97ce403110664 -> 
  custom:video-decoder-webm-vp8: 9c59270c3fd7afecdb556c50c9e8de78 -> 
  custom:graphics/normal-map-encoding: 01000000000000000000000000000000 -> 02000000000000000000000000000000
  custom:audio-decoder-ogg-vorbis: bf7c407c2cedff20999df2af8eb42d56 -> 
  custom:audio-encoder-webm-vorbis: bf7c407c2cedff20999df2af8eb42d56 -> 
========================================================================
Received Import Request.
  Time since last request: 225.096793 seconds.
  path: Assets/Scenes/TestScene.unity
  artifactKey: Guid(495e852250113ed45b9253c190b66782) Importer(815301076,1909f56bfc062723c751e8b465ee728b)
Start importing Assets/Scenes/TestScene.unity using Guid(495e852250113ed45b9253c190b66782) Importer(815301076,1909f56bfc062723c751e8b465ee728b)  -> (artifact id: '711018417832b4c5d2e4a6a6d8d207b3') in 0.031273 seconds 
  Import took 0.035674 seconds .

========================================================================
Received Prepare
Registering precompiled user dll's ...
Registered in 0.009749 seconds.
Begin MonoManager ReloadAssembly
Native extension for WindowsStandalone target not found
Refreshing native plugins compatible for Editor in 1.07 ms, found 6 plugins.
Preloading 1 native plugins for Editor in 0.10 ms.
Mono: successfully reloaded assembly
- Completed reload, in  1.357 seconds
Domain Reload Profiling:
	ReloadAssembly (1358ms)
		BeginReloadAssembly (142ms)
			ExecutionOrderSort (0ms)
			DisableScriptedObjects (6ms)
			BackupInstance (0ms)
			ReleaseScriptingObjects (0ms)
			CreateAndSetChildDomain (40ms)
		EndReloadAssembly (1128ms)
			LoadAssemblies (126ms)
			RebuildTransferFunctionScriptingTraits (0ms)
			SetupTypeCache (375ms)
			ReleaseScriptCaches (1ms)
			RebuildScriptCaches (50ms)
			SetupLoadedEditorAssemblies (402ms)
				LogAssemblyErrors (0ms)
				InitializePlatformSupportModulesInManaged (6ms)
				SetLoadedEditorAssemblies (1ms)
				RefreshPlugins (1ms)
				BeforeProcessingInitializeOnLoad (108ms)
				ProcessInitializeOnLoadAttributes (261ms)
				ProcessInitializeOnLoadMethodAttributes (15ms)
				AfterProcessingInitializeOnLoad (10ms)
				EditorAssembliesLoaded (0ms)
			ExecutionOrderSort2 (0ms)
			AwakeInstancesAfterBackupRestoration (9ms)
Platform modules already initialized, skipping
Switching build target platform(19) subTarget(0) extendedPlatform(0) -> platform(13) subTarget(524288) extendedPlatform(0)
Shader 'Oculus/OVRMRCameraFrameLit': fallback shader 'Alpha-Diffuse' not found
Refreshing native plugins compatible for Editor in 1.05 ms, found 6 plugins.
Preloading 1 native plugins for Editor in 0.10 ms.
Unloading 2318 Unused Serialized files (Serialized files now loaded: 0)
System memory in use before: 103.6 MB.
System memory in use after: 103.4 MB.

Unloading 42 unused Assets to reduce memory usage. Loaded Objects now: 2834.
Total: 4.552100 ms (FindLiveObjects: 0.274800 ms CreateObjectMapping: 0.074900 ms MarkObjects: 3.734500 ms  DeleteObjects: 0.466500 ms)

AssetImportParameters requested are different than current active one (requested -> active):
  custom:framework-win-MediaFoundation: 216162199b28c13a410421893ffa2e32 -> 
  custom:video-decoder-ogg-theora: a1e56fd34408186e4bbccfd4996cb3dc -> 
  custom:container-muxer-webm: aa71ff27fc2769a1b78a27578f13a17b -> 
  custom:container-demuxer-webm: 4f35f7cbe854078d1ac9338744f61a02 -> 
  custom:container-demuxer-ogg: 62fdf1f143b41e24485cea50d1cbac27 -> 
  custom:video-encoder-webm-vp8: eb34c28f22e8b96e1ab97ce403110664 -> 
  custom:video-decoder-webm-vp8: 9c59270c3fd7afecdb556c50c9e8de78 -> 
  custom:graphics/normal-map-encoding: 01000000000000000000000000000000 -> 02000000000000000000000000000000
  custom:audio-decoder-ogg-vorbis: bf7c407c2cedff20999df2af8eb42d56 -> 
  custom:audio-encoder-webm-vorbis: bf7c407c2cedff20999df2af8eb42d56 -> 
========================================================================
Received Import Request.
  Time since last request: 95.297921 seconds.
  path: Assets/Scenes/fwefwe.cs
  artifactKey: Guid(164034097a8fecc42bcefb97e4f7d967) Importer(815301076,1909f56bfc062723c751e8b465ee728b)
Start importing Assets/Scenes/fwefwe.cs using Guid(164034097a8fecc42bcefb97e4f7d967) Importer(815301076,1909f56bfc062723c751e8b465ee728b)  -> (artifact id: 'b17fd4c419a493aa18c6d91d4ec6af67') in 0.013675 seconds 
  Import took 0.018121 seconds .

AssetImportWorkerClient::OnTransportError - code=2 error=End of file
